INFO:numexpr.utils:NumExpr defaulting to 8 threads.
/home/robaina/.local/lib/python3.8/site-packages/sklearn/cluster/_kmeans.py:792: FutureWarning: 'n_jobs' was deprecated in version 0.23 and will be removed in 1.0 (renaming of 0.25).
  warnings.warn("'n_jobs' was deprecated in version 0.23 and will be"
/home/robaina/.local/lib/python3.8/site-packages/sklearn/cluster/_kmeans.py:792: FutureWarning: 'n_jobs' was deprecated in version 0.23 and will be removed in 1.0 (renaming of 0.25).
  warnings.warn("'n_jobs' was deprecated in version 0.23 and will be"
/home/robaina/.local/lib/python3.8/site-packages/sklearn/cluster/_kmeans.py:792: FutureWarning: 'n_jobs' was deprecated in version 0.23 and will be removed in 1.0 (renaming of 0.25).
  warnings.warn("'n_jobs' was deprecated in version 0.23 and will be"
/home/robaina/.local/lib/python3.8/site-packages/sklearn/cluster/_kmeans.py:792: FutureWarning: 'n_jobs' was deprecated in version 0.23 and will be removed in 1.0 (renaming of 0.25).
  warnings.warn("'n_jobs' was deprecated in version 0.23 and will be"
/home/robaina/.local/lib/python3.8/site-packages/sklearn/cluster/_kmeans.py:792: FutureWarning: 'n_jobs' was deprecated in version 0.23 and will be removed in 1.0 (renaming of 0.25).
  warnings.warn("'n_jobs' was deprecated in version 0.23 and will be"

/===========================================================================\
|                                   Clust                                   |
|    (Optimised consensus clustering of multiple heterogenous datasets)     |
|           Python package version 1.12.0 (2019) Basel Abu-Jamous           |
+---------------------------------------------------------------------------+
| Analysis started at: Tuesday 15 June 2021 (11:12:09)                      |
| 1. Reading dataset(s)                                                     |
| 2. Data pre-processing                                                    |
|  - Flat expression profiles filtered out (default in v1.7.0+).            |
|    To switch it off, use the --no-fil-flat option (not recommended).      |
|    Check https://github.com/BaselAbujamous/clust for details.             |
| 3. Seed clusters production (the Bi-CoPaM method)                         |
| 10%                                                                       |
| 20%                                                                       |
| 30%                                                                       |
| 40%                                                                       |
| 50%                                                                       |
| 60%                                                                       |
| 70%                                                                       |
| 80%                                                                       |
| 90%                                                                       |
| 100%                                                                      |
| 4. Cluster evaluation and selection (the M-N scatter plots technique)     |
| 10%                                                                       |
| 20%                                                                       |
| 30%                                                                       |
| 40%                                                                       |
| 50%                                                                       |
| 60%                                                                       |
| 70%                                                                       |
| 80%                                                                       |
| 90%                                                                       |
| 100%                                                                      |
| 5. Cluster optimisation and completion                                    |
| 6. Saving results in                                                      |
| /home/robaina/Documents/Proyecto_rodopsina/Results/CLUSTER_ALL_GENES_TPM  |
+---------------------------------------------------------------------------+
| Analysis finished at: Tuesday 15 June 2021 (11:12:19)                     |
| Total time consumed: 0 hours, 0 minutes, and 9 seconds                    |
|                                                                           |
\===========================================================================/

/===========================================================================\
|                              RESULTS SUMMARY                              |
+---------------------------------------------------------------------------+
| Clust received 1 dataset with 2886 unique genes. After filtering, 2886    |
| genes made it to the clustering step. Clust generated 1 clusters of       |
| genes, which in total include 2120 genes. The smallest cluster includes   |
| 2120 genes, the largest cluster includes 2120 genes, and the average      |
| cluster size is 2120 genes.                                               |
+---------------------------------------------------------------------------+
|                                 Citation                                  |
|                                 ~~~~~~~~                                  |
| When publishing work that uses Clust, please include this citation:       |
| Basel Abu-Jamous and Steven Kelly (2018) Clust: automatic extraction of   |
| optimal co-expressed gene clusters from gene expression data. Genome      |
| Biology 19:172; doi: https://doi.org/10.1186/s13059-018-1536-8.           |
+---------------------------------------------------------------------------+
| For enquiries contact:                                                    |
| Basel Abu-Jamous                                                          |
| Sensyne Health, Oxford, UK                                                |
| basel.abu-jamous@sensynehealth.com                                        |
| baselabujamous@gmail.com                                                  |
\===========================================================================/
/home/robaina/.local/lib/python3.8/site-packages/sklearn/cluster/_kmeans.py:792: FutureWarning: 'n_jobs' was deprecated in version 0.23 and will be removed in 1.0 (renaming of 0.25).
  warnings.warn("'n_jobs' was deprecated in version 0.23 and will be"
/home/robaina/.local/lib/python3.8/site-packages/sklearn/cluster/_kmeans.py:792: FutureWarning: 'n_jobs' was deprecated in version 0.23 and will be removed in 1.0 (renaming of 0.25).
  warnings.warn("'n_jobs' was deprecated in version 0.23 and will be"
/home/robaina/.local/lib/python3.8/site-packages/sklearn/cluster/_kmeans.py:792: FutureWarning: 'n_jobs' was deprecated in version 0.23 and will be removed in 1.0 (renaming of 0.25).
  warnings.warn("'n_jobs' was deprecated in version 0.23 and will be"
/home/robaina/.local/lib/python3.8/site-packages/sklearn/cluster/_kmeans.py:792: FutureWarning: 'n_jobs' was deprecated in version 0.23 and will be removed in 1.0 (renaming of 0.25).
  warnings.warn("'n_jobs' was deprecated in version 0.23 and will be"
/home/robaina/.local/lib/python3.8/site-packages/sklearn/cluster/_kmeans.py:792: FutureWarning: 'n_jobs' was deprecated in version 0.23 and will be removed in 1.0 (renaming of 0.25).
  warnings.warn("'n_jobs' was deprecated in version 0.23 and will be"

/===========================================================================\
|                                   Clust                                   |
|    (Optimised consensus clustering of multiple heterogenous datasets)     |
|           Python package version 1.12.0 (2019) Basel Abu-Jamous           |
+---------------------------------------------------------------------------+
| Analysis started at: Tuesday 15 June 2021 (11:12:20)                      |
| 1. Reading dataset(s)                                                     |
| 2. Data pre-processing                                                    |
|  - Flat expression profiles filtered out (default in v1.7.0+).            |
|    To switch it off, use the --no-fil-flat option (not recommended).      |
|    Check https://github.com/BaselAbujamous/clust for details.             |
| 3. Seed clusters production (the Bi-CoPaM method)                         |
| 10%                                                                       |
| 20%                                                                       |
| 30%                                                                       |
| 40%                                                                       |
| 50%                                                                       |
| 60%                                                                       |
| 70%                                                                       |
| 80%                                                                       |
| 90%                                                                       |
| 100%                                                                      |
| 4. Cluster evaluation and selection (the M-N scatter plots technique)     |
| 10%                                                                       |
| 20%                                                                       |
| 30%                                                                       |
| 40%                                                                       |
| 50%                                                                       |
| 60%                                                                       |
| 70%                                                                       |
| 80%                                                                       |
| 90%                                                                       |
| 100%                                                                      |
| 5. Cluster optimisation and completion                                    |
| 6. Saving results in                                                      |
| /home/robaina/Documents/Proyecto_rodopsina/Results/CLUSTER_ALL_GENES_TRAN |
| SCRIPT_CELL                                                               |
+---------------------------------------------------------------------------+
| Analysis finished at: Tuesday 15 June 2021 (11:12:26)                     |
| Total time consumed: 0 hours, 0 minutes, and 6 seconds                    |
|                                                                           |
\===========================================================================/

/===========================================================================\
|                              RESULTS SUMMARY                              |
+---------------------------------------------------------------------------+
| Clust received 1 dataset with 2877 unique genes. After filtering, 2877    |
| genes made it to the clustering step. Clust generated 7 clusters of       |
| genes, which in total include 1052 genes. The smallest cluster includes   |
| 32 genes, the largest cluster includes 382 genes, and the average         |
| cluster size is 150 genes.                                                |
+---------------------------------------------------------------------------+
|                                 Citation                                  |
|                                 ~~~~~~~~                                  |
| When publishing work that uses Clust, please include this citation:       |
| Basel Abu-Jamous and Steven Kelly (2018) Clust: automatic extraction of   |
| optimal co-expressed gene clusters from gene expression data. Genome      |
| Biology 19:172; doi: https://doi.org/10.1186/s13059-018-1536-8.           |
+---------------------------------------------------------------------------+
| For enquiries contact:                                                    |
| Basel Abu-Jamous                                                          |
| Sensyne Health, Oxford, UK                                                |
| basel.abu-jamous@sensynehealth.com                                        |
| baselabujamous@gmail.com                                                  |
\===========================================================================/
Failed to parse time specification: /s
<IPython.core.display.HTML object>
Running condition: CLUSTER_ALL_GENES_TPM
There a total of 2120 genes assigned to a cluster
There a total of 766 genes not assigned to any cluster
Running condition: CLUSTER_ALL_GENES_TRANSCRIPT_CELL
There a total of 1052 genes assigned to a cluster
There a total of 1825 genes not assigned to any cluster
